{"/home/knoldus/CODE/Nodejs_validation/controller/UserController.js": {"path":"/home/knoldus/CODE/Nodejs_validation/controller/UserController.js","statementMap":{"0":{"start":{"line":1,"column":13},"end":{"line":1,"column":40}},"1":{"start":{"line":2,"column":15},"end":{"line":2,"column":32}},"2":{"start":{"line":3,"column":12},"end":{"line":3,"column":35}},"3":{"start":{"line":4,"column":19},"end":{"line":4,"column":29}},"4":{"start":{"line":6,"column":15},"end":{"line":30,"column":1}},"5":{"start":{"line":8,"column":29},"end":{"line":8,"column":37}},"6":{"start":{"line":9,"column":4},"end":{"line":29,"column":5}},"7":{"start":{"line":10,"column":29},"end":{"line":10,"column":62}},"8":{"start":{"line":11,"column":8},"end":{"line":13,"column":9}},"9":{"start":{"line":12,"column":12},"end":{"line":12,"column":72}},"10":{"start":{"line":15,"column":31},"end":{"line":15,"column":61}},"11":{"start":{"line":16,"column":23},"end":{"line":19,"column":10}},"12":{"start":{"line":21,"column":22},"end":{"line":21,"column":77}},"13":{"start":{"line":23,"column":8},"end":{"line":23,"column":63}},"14":{"start":{"line":27,"column":8},"end":{"line":27,"column":27}},"15":{"start":{"line":28,"column":8},"end":{"line":28,"column":70}},"16":{"start":{"line":32,"column":15},"end":{"line":56,"column":1}},"17":{"start":{"line":33,"column":29},"end":{"line":33,"column":37}},"18":{"start":{"line":34,"column":4},"end":{"line":55,"column":5}},"19":{"start":{"line":35,"column":29},"end":{"line":35,"column":62}},"20":{"start":{"line":36,"column":8},"end":{"line":38,"column":9}},"21":{"start":{"line":37,"column":12},"end":{"line":37,"column":72}},"22":{"start":{"line":40,"column":30},"end":{"line":40,"column":82}},"23":{"start":{"line":42,"column":8},"end":{"line":45,"column":9}},"24":{"start":{"line":44,"column":12},"end":{"line":44,"column":70}},"25":{"start":{"line":47,"column":22},"end":{"line":47,"column":89}},"26":{"start":{"line":49,"column":8},"end":{"line":49,"column":69}},"27":{"start":{"line":53,"column":8},"end":{"line":53,"column":27}},"28":{"start":{"line":54,"column":8},"end":{"line":54,"column":70}},"29":{"start":{"line":58,"column":0},"end":{"line":60,"column":1}}},"fnMap":{"0":{"name":"(anonymous_0)","decl":{"start":{"line":6,"column":15},"end":{"line":6,"column":16}},"loc":{"start":{"line":6,"column":31},"end":{"line":30,"column":1}},"line":6},"1":{"name":"(anonymous_1)","decl":{"start":{"line":32,"column":15},"end":{"line":32,"column":16}},"loc":{"start":{"line":32,"column":31},"end":{"line":56,"column":1}},"line":32}},"branchMap":{"0":{"loc":{"start":{"line":11,"column":8},"end":{"line":13,"column":9}},"type":"if","locations":[{"start":{"line":11,"column":8},"end":{"line":13,"column":9}},{"start":{},"end":{}}],"line":11},"1":{"loc":{"start":{"line":36,"column":8},"end":{"line":38,"column":9}},"type":"if","locations":[{"start":{"line":36,"column":8},"end":{"line":38,"column":9}},{"start":{},"end":{}}],"line":36},"2":{"loc":{"start":{"line":42,"column":8},"end":{"line":45,"column":9}},"type":"if","locations":[{"start":{"line":42,"column":8},"end":{"line":45,"column":9}},{"start":{},"end":{}}],"line":42}},"s":{"0":1,"1":1,"2":1,"3":1,"4":1,"5":3,"6":3,"7":3,"8":2,"9":1,"10":1,"11":1,"12":1,"13":1,"14":1,"15":1,"16":1,"17":4,"18":4,"19":4,"20":3,"21":1,"22":2,"23":2,"24":1,"25":1,"26":1,"27":1,"28":1,"29":1},"f":{"0":3,"1":4},"b":{"0":[1,1],"1":[1,2],"2":[1,1]},"_coverageSchema":"1a1c01bbd47fc00a2c39e90264f33305004495a9","hash":"263c10afcd181d92a43a08fbd8a3f4853adf9b78"}
,"/home/knoldus/CODE/Nodejs_validation/models/SignUp.js": {"path":"/home/knoldus/CODE/Nodejs_validation/models/SignUp.js","statementMap":{"0":{"start":{"line":1,"column":17},"end":{"line":1,"column":36}},"1":{"start":{"line":3,"column":19},"end":{"line":19,"column":1}},"2":{"start":{"line":20,"column":13},"end":{"line":20,"column":56}},"3":{"start":{"line":21,"column":0},"end":{"line":21,"column":22}}},"fnMap":{},"branchMap":{},"s":{"0":1,"1":1,"2":1,"3":1},"f":{},"b":{},"_coverageSchema":"1a1c01bbd47fc00a2c39e90264f33305004495a9","hash":"3c7fd858a720008a86ad4722733aba97678457fb"}
}
