TN:
SF:controller/UserController.js
FN:6,(anonymous_0)
FN:32,(anonymous_1)
FNF:2
FNH:2
FNDA:3,(anonymous_0)
FNDA:4,(anonymous_1)
DA:1,1
DA:2,1
DA:3,1
DA:4,1
DA:6,1
DA:8,3
DA:9,3
DA:10,3
DA:11,2
DA:12,1
DA:15,1
DA:16,1
DA:21,1
DA:23,1
DA:27,1
DA:28,1
DA:32,1
DA:33,4
DA:34,4
DA:35,4
DA:36,3
DA:37,1
DA:40,2
DA:42,2
DA:44,1
DA:47,1
DA:49,1
DA:53,1
DA:54,1
DA:58,1
LF:30
LH:30
BRDA:11,0,0,1
BRDA:11,0,1,1
BRDA:36,1,0,1
BRDA:36,1,1,2
BRDA:42,2,0,1
BRDA:42,2,1,1
BRF:6
BRH:6
end_of_record
TN:
SF:models/SignUp.js
FNF:0
FNH:0
DA:1,1
DA:3,1
DA:20,1
DA:21,1
LF:4
LH:4
BRF:0
BRH:0
end_of_record
